Jun 13, 2015 11:00:17 PM org.eclipse.birt.chart.device.swt.SwtDisplayServer <init>
INFO: SWT Display Server: cocoa v4,430
Jun 13, 2015 11:00:17 PM org.eclipse.birt.chart.device.swt.R31Enhance <clinit>
INFO: Advanced SWT graphics functions enabled.
Jun 13, 2015 11:00:17 PM org.eclipse.birt.chart.device.swt.SwtRendererImpl setProperty
INFO: Using graphics context org.eclipse.swt.graphics.GC@GC {org.eclipse.swt.internal.cocoa.NSGraphicsContext{4966356400}}
Jun 13, 2015 11:00:17 PM org.eclipse.birt.chart.script.AbstractScriptHandler register
INFO: Trying to load Chart Java event handler class...
Jun 13, 2015 11:00:17 PM org.eclipse.birt.chart.script.AbstractScriptHandler register
INFO: A Chart Java event handler class [class org.eclipse.mat.impl.chart.StorageUnitRenderScript] has been loaded successfully.
Jun 13, 2015 11:00:17 PM org.eclipse.birt.chart.render.EmptyWithoutAxes renderSeries
INFO: org.eclipse.birt.chart.render.EmptyWithoutAxes: renderSeries() [1/2]
Jun 13, 2015 11:00:17 PM org.eclipse.birt.chart.extension.render.Pie renderSeries
INFO: {0}: renderSeries() [{1}/{2}]org.eclipse.birt.chart.extension.render.Pie22
Jun 13, 2015 11:00:56 PM org.eclipse.birt.chart.device.swing.SwingDisplayServer <init>
INFO: SWING Display Server: Oracle Corporation v1.8.0_45
Jun 13, 2015 11:00:56 PM org.eclipse.birt.chart.script.AbstractScriptHandler register
INFO: Trying to load Chart Java event handler class...
Jun 13, 2015 11:00:56 PM org.eclipse.birt.chart.script.AbstractScriptHandler register
INFO: A Chart Java event handler class [class org.eclipse.mat.impl.chart.LabelRenderScript] has been loaded successfully.
Jun 13, 2015 11:00:56 PM org.eclipse.birt.chart.device.swing.SwingRendererImpl prepareGraphicsContext
INFO: Using graphics context sun.java2d.SunGraphics2D[font=java.awt.Font[family=Dialog,name=Dialog,style=plain,size=12],color=java.awt.Color[r=255,g=255,b=255]]
Jun 13, 2015 11:00:56 PM org.eclipse.birt.chart.render.EmptyWithoutAxes renderSeries
INFO: org.eclipse.birt.chart.render.EmptyWithoutAxes: renderSeries() [1/2]
Jun 13, 2015 11:00:56 PM org.eclipse.birt.chart.extension.render.Pie renderSeries
INFO: {0}: renderSeries() [{1}/{2}]org.eclipse.birt.chart.extension.render.Pie22
Jun 13, 2015 11:00:57 PM org.eclipse.birt.chart.device.image.JavaxImageIOWriter after
INFO: Using {0} image writer {1}pngcom.sun.imageio.plugins.png.PNGImageWriter
Jun 13, 2015 11:00:57 PM org.eclipse.birt.chart.device.swing.SwingDisplayServer <init>
INFO: SWING Display Server: Oracle Corporation v1.8.0_45
Jun 13, 2015 11:00:57 PM org.eclipse.birt.chart.script.AbstractScriptHandler register
INFO: Trying to load Chart Java event handler class...
Jun 13, 2015 11:00:57 PM org.eclipse.birt.chart.script.AbstractScriptHandler register
INFO: A Chart Java event handler class [class org.eclipse.mat.impl.chart.LabelRenderScript] has been loaded successfully.
Jun 13, 2015 11:00:57 PM org.eclipse.birt.chart.device.swing.SwingRendererImpl prepareGraphicsContext
INFO: Using graphics context sun.java2d.SunGraphics2D[font=java.awt.Font[family=Dialog,name=Dialog,style=plain,size=12],color=java.awt.Color[r=255,g=255,b=255]]
Jun 13, 2015 11:00:57 PM org.eclipse.birt.chart.render.EmptyWithoutAxes renderSeries
INFO: org.eclipse.birt.chart.render.EmptyWithoutAxes: renderSeries() [1/2]
Jun 13, 2015 11:00:57 PM org.eclipse.birt.chart.extension.render.Pie renderSeries
INFO: {0}: renderSeries() [{1}/{2}]org.eclipse.birt.chart.extension.render.Pie22
Jun 13, 2015 11:00:57 PM org.eclipse.birt.chart.device.image.JavaxImageIOWriter after
INFO: Using {0} image writer {1}pngcom.sun.imageio.plugins.png.PNGImageWriter
Jun 13, 2015 11:00:57 PM org.eclipse.birt.chart.device.swing.SwingDisplayServer <init>
INFO: SWING Display Server: Oracle Corporation v1.8.0_45
Jun 13, 2015 11:00:57 PM org.eclipse.birt.chart.script.AbstractScriptHandler register
INFO: Trying to load Chart Java event handler class...
Jun 13, 2015 11:00:57 PM org.eclipse.birt.chart.script.AbstractScriptHandler register
INFO: A Chart Java event handler class [class org.eclipse.mat.impl.chart.LabelRenderScript] has been loaded successfully.
Jun 13, 2015 11:00:57 PM org.eclipse.birt.chart.device.swing.SwingRendererImpl prepareGraphicsContext
INFO: Using graphics context sun.java2d.SunGraphics2D[font=java.awt.Font[family=Dialog,name=Dialog,style=plain,size=12],color=java.awt.Color[r=255,g=255,b=255]]
Jun 13, 2015 11:00:57 PM org.eclipse.birt.chart.render.EmptyWithoutAxes renderSeries
INFO: org.eclipse.birt.chart.render.EmptyWithoutAxes: renderSeries() [1/2]
Jun 13, 2015 11:00:57 PM org.eclipse.birt.chart.extension.render.Pie renderSeries
INFO: {0}: renderSeries() [{1}/{2}]org.eclipse.birt.chart.extension.render.Pie22
Jun 13, 2015 11:00:57 PM org.eclipse.birt.chart.device.image.JavaxImageIOWriter after
INFO: Using {0} image writer {1}pngcom.sun.imageio.plugins.png.PNGImageWriter
Jun 13, 2015 11:00:58 PM org.eclipse.birt.chart.device.swing.SwingDisplayServer <init>
INFO: SWING Display Server: Oracle Corporation v1.8.0_45
Jun 13, 2015 11:00:58 PM org.eclipse.birt.chart.script.AbstractScriptHandler register
INFO: Trying to load Chart Java event handler class...
Jun 13, 2015 11:00:58 PM org.eclipse.birt.chart.script.AbstractScriptHandler register
INFO: A Chart Java event handler class [class org.eclipse.mat.impl.chart.LabelRenderScript] has been loaded successfully.
Jun 13, 2015 11:00:58 PM org.eclipse.birt.chart.device.swing.SwingRendererImpl prepareGraphicsContext
INFO: Using graphics context sun.java2d.SunGraphics2D[font=java.awt.Font[family=Dialog,name=Dialog,style=plain,size=12],color=java.awt.Color[r=255,g=255,b=255]]
Jun 13, 2015 11:00:58 PM org.eclipse.birt.chart.render.EmptyWithoutAxes renderSeries
INFO: org.eclipse.birt.chart.render.EmptyWithoutAxes: renderSeries() [1/2]
Jun 13, 2015 11:00:58 PM org.eclipse.birt.chart.extension.render.Pie renderSeries
INFO: {0}: renderSeries() [{1}/{2}]org.eclipse.birt.chart.extension.render.Pie22
Jun 13, 2015 11:00:58 PM org.eclipse.birt.chart.device.image.JavaxImageIOWriter after
INFO: Using {0} image writer {1}pngcom.sun.imageio.plugins.png.PNGImageWriter
Jun 13, 2015 11:02:52 PM org.eclipse.birt.chart.device.swing.SwingDisplayServer <init>
INFO: SWING Display Server: Oracle Corporation v1.8.0_45
Jun 13, 2015 11:02:52 PM org.eclipse.birt.chart.script.AbstractScriptHandler register
INFO: Trying to load Chart Java event handler class...
Jun 13, 2015 11:02:52 PM org.eclipse.birt.chart.script.AbstractScriptHandler register
INFO: A Chart Java event handler class [class org.eclipse.mat.impl.chart.LabelRenderScript] has been loaded successfully.
Jun 13, 2015 11:02:52 PM org.eclipse.birt.chart.device.swing.SwingRendererImpl prepareGraphicsContext
INFO: Using graphics context sun.java2d.SunGraphics2D[font=java.awt.Font[family=Dialog,name=Dialog,style=plain,size=12],color=java.awt.Color[r=255,g=255,b=255]]
Jun 13, 2015 11:02:52 PM org.eclipse.birt.chart.render.EmptyWithoutAxes renderSeries
INFO: org.eclipse.birt.chart.render.EmptyWithoutAxes: renderSeries() [1/2]
Jun 13, 2015 11:02:52 PM org.eclipse.birt.chart.extension.render.Pie renderSeries
INFO: {0}: renderSeries() [{1}/{2}]org.eclipse.birt.chart.extension.render.Pie22
Jun 13, 2015 11:02:52 PM org.eclipse.birt.chart.device.image.JavaxImageIOWriter after
INFO: Using {0} image writer {1}pngcom.sun.imageio.plugins.png.PNGImageWriter
Jun 13, 2015 11:02:52 PM org.eclipse.birt.chart.device.swing.SwingDisplayServer <init>
INFO: SWING Display Server: Oracle Corporation v1.8.0_45
Jun 13, 2015 11:02:52 PM org.eclipse.birt.chart.script.AbstractScriptHandler register
INFO: Trying to load Chart Java event handler class...
Jun 13, 2015 11:02:52 PM org.eclipse.birt.chart.script.AbstractScriptHandler register
INFO: A Chart Java event handler class [class org.eclipse.mat.impl.chart.LabelRenderScript] has been loaded successfully.
Jun 13, 2015 11:02:52 PM org.eclipse.birt.chart.device.swing.SwingRendererImpl prepareGraphicsContext
INFO: Using graphics context sun.java2d.SunGraphics2D[font=java.awt.Font[family=Dialog,name=Dialog,style=plain,size=12],color=java.awt.Color[r=255,g=255,b=255]]
Jun 13, 2015 11:02:52 PM org.eclipse.birt.chart.render.EmptyWithoutAxes renderSeries
INFO: org.eclipse.birt.chart.render.EmptyWithoutAxes: renderSeries() [1/2]
Jun 13, 2015 11:02:52 PM org.eclipse.birt.chart.extension.render.Pie renderSeries
INFO: {0}: renderSeries() [{1}/{2}]org.eclipse.birt.chart.extension.render.Pie22
Jun 13, 2015 11:02:52 PM org.eclipse.birt.chart.device.image.JavaxImageIOWriter after
INFO: Using {0} image writer {1}pngcom.sun.imageio.plugins.png.PNGImageWriter
Jun 13, 2015 11:02:52 PM org.eclipse.birt.chart.device.swing.SwingDisplayServer <init>
INFO: SWING Display Server: Oracle Corporation v1.8.0_45
Jun 13, 2015 11:02:52 PM org.eclipse.birt.chart.script.AbstractScriptHandler register
INFO: Trying to load Chart Java event handler class...
Jun 13, 2015 11:02:52 PM org.eclipse.birt.chart.script.AbstractScriptHandler register
INFO: A Chart Java event handler class [class org.eclipse.mat.impl.chart.LabelRenderScript] has been loaded successfully.
Jun 13, 2015 11:02:52 PM org.eclipse.birt.chart.device.swing.SwingRendererImpl prepareGraphicsContext
INFO: Using graphics context sun.java2d.SunGraphics2D[font=java.awt.Font[family=Dialog,name=Dialog,style=plain,size=12],color=java.awt.Color[r=255,g=255,b=255]]
Jun 13, 2015 11:02:52 PM org.eclipse.birt.chart.render.EmptyWithoutAxes renderSeries
INFO: org.eclipse.birt.chart.render.EmptyWithoutAxes: renderSeries() [1/2]
Jun 13, 2015 11:02:52 PM org.eclipse.birt.chart.extension.render.Pie renderSeries
INFO: {0}: renderSeries() [{1}/{2}]org.eclipse.birt.chart.extension.render.Pie22
Jun 13, 2015 11:02:52 PM org.eclipse.birt.chart.device.image.JavaxImageIOWriter after
INFO: Using {0} image writer {1}pngcom.sun.imageio.plugins.png.PNGImageWriter
Jun 13, 2015 11:06:45 PM org.eclipse.birt.chart.device.swt.SwtDisplayServer <init>
INFO: SWT Display Server: cocoa v4,430
Jun 13, 2015 11:06:45 PM org.eclipse.birt.chart.device.swt.SwtRendererImpl setProperty
INFO: Using graphics context org.eclipse.swt.graphics.GC@GC {org.eclipse.swt.internal.cocoa.NSGraphicsContext{5144190096}}
Jun 13, 2015 11:06:45 PM org.eclipse.birt.chart.script.AbstractScriptHandler register
INFO: Trying to load Chart Java event handler class...
Jun 13, 2015 11:06:45 PM org.eclipse.birt.chart.script.AbstractScriptHandler register
INFO: A Chart Java event handler class [class org.eclipse.mat.impl.chart.StorageUnitRenderScript] has been loaded successfully.
Jun 13, 2015 11:06:45 PM org.eclipse.birt.chart.render.EmptyWithoutAxes renderSeries
INFO: org.eclipse.birt.chart.render.EmptyWithoutAxes: renderSeries() [1/2]
Jun 13, 2015 11:06:45 PM org.eclipse.birt.chart.extension.render.Pie renderSeries
INFO: {0}: renderSeries() [{1}/{2}]org.eclipse.birt.chart.extension.render.Pie22
Jun 13, 2015 11:07:12 PM org.eclipse.birt.chart.device.swing.SwingDisplayServer <init>
INFO: SWING Display Server: Oracle Corporation v1.8.0_45
Jun 13, 2015 11:07:12 PM org.eclipse.birt.chart.script.AbstractScriptHandler register
INFO: Trying to load Chart Java event handler class...
Jun 13, 2015 11:07:12 PM org.eclipse.birt.chart.script.AbstractScriptHandler register
INFO: A Chart Java event handler class [class org.eclipse.mat.impl.chart.LabelRenderScript] has been loaded successfully.
Jun 13, 2015 11:07:12 PM org.eclipse.birt.chart.device.swing.SwingRendererImpl prepareGraphicsContext
INFO: Using graphics context sun.java2d.SunGraphics2D[font=java.awt.Font[family=Dialog,name=Dialog,style=plain,size=12],color=java.awt.Color[r=255,g=255,b=255]]
Jun 13, 2015 11:07:12 PM org.eclipse.birt.chart.render.EmptyWithoutAxes renderSeries
INFO: org.eclipse.birt.chart.render.EmptyWithoutAxes: renderSeries() [1/2]
Jun 13, 2015 11:07:12 PM org.eclipse.birt.chart.extension.render.Pie renderSeries
INFO: {0}: renderSeries() [{1}/{2}]org.eclipse.birt.chart.extension.render.Pie22
Jun 13, 2015 11:07:12 PM org.eclipse.birt.chart.device.image.JavaxImageIOWriter after
INFO: Using {0} image writer {1}pngcom.sun.imageio.plugins.png.PNGImageWriter
Jun 13, 2015 11:07:12 PM org.eclipse.birt.chart.device.swing.SwingDisplayServer <init>
INFO: SWING Display Server: Oracle Corporation v1.8.0_45
Jun 13, 2015 11:07:12 PM org.eclipse.birt.chart.script.AbstractScriptHandler register
INFO: Trying to load Chart Java event handler class...
Jun 13, 2015 11:07:12 PM org.eclipse.birt.chart.script.AbstractScriptHandler register
INFO: A Chart Java event handler class [class org.eclipse.mat.impl.chart.LabelRenderScript] has been loaded successfully.
Jun 13, 2015 11:07:12 PM org.eclipse.birt.chart.device.swing.SwingRendererImpl prepareGraphicsContext
INFO: Using graphics context sun.java2d.SunGraphics2D[font=java.awt.Font[family=Dialog,name=Dialog,style=plain,size=12],color=java.awt.Color[r=255,g=255,b=255]]
Jun 13, 2015 11:07:12 PM org.eclipse.birt.chart.render.EmptyWithoutAxes renderSeries
INFO: org.eclipse.birt.chart.render.EmptyWithoutAxes: renderSeries() [1/2]
Jun 13, 2015 11:07:12 PM org.eclipse.birt.chart.extension.render.Pie renderSeries
INFO: {0}: renderSeries() [{1}/{2}]org.eclipse.birt.chart.extension.render.Pie22
Jun 13, 2015 11:07:12 PM org.eclipse.birt.chart.device.image.JavaxImageIOWriter after
INFO: Using {0} image writer {1}pngcom.sun.imageio.plugins.png.PNGImageWriter
Jun 13, 2015 11:07:12 PM org.eclipse.birt.chart.device.swing.SwingDisplayServer <init>
INFO: SWING Display Server: Oracle Corporation v1.8.0_45
Jun 13, 2015 11:07:12 PM org.eclipse.birt.chart.script.AbstractScriptHandler register
INFO: Trying to load Chart Java event handler class...
Jun 13, 2015 11:07:12 PM org.eclipse.birt.chart.script.AbstractScriptHandler register
INFO: A Chart Java event handler class [class org.eclipse.mat.impl.chart.LabelRenderScript] has been loaded successfully.
Jun 13, 2015 11:07:12 PM org.eclipse.birt.chart.device.swing.SwingRendererImpl prepareGraphicsContext
INFO: Using graphics context sun.java2d.SunGraphics2D[font=java.awt.Font[family=Dialog,name=Dialog,style=plain,size=12],color=java.awt.Color[r=255,g=255,b=255]]
Jun 13, 2015 11:07:12 PM org.eclipse.birt.chart.render.EmptyWithoutAxes renderSeries
INFO: org.eclipse.birt.chart.render.EmptyWithoutAxes: renderSeries() [1/2]
Jun 13, 2015 11:07:12 PM org.eclipse.birt.chart.extension.render.Pie renderSeries
INFO: {0}: renderSeries() [{1}/{2}]org.eclipse.birt.chart.extension.render.Pie22
Jun 13, 2015 11:07:12 PM org.eclipse.birt.chart.device.image.JavaxImageIOWriter after
INFO: Using {0} image writer {1}pngcom.sun.imageio.plugins.png.PNGImageWriter
Jun 13, 2015 11:07:12 PM org.eclipse.birt.chart.device.swing.SwingDisplayServer <init>
INFO: SWING Display Server: Oracle Corporation v1.8.0_45
Jun 13, 2015 11:07:12 PM org.eclipse.birt.chart.script.AbstractScriptHandler register
INFO: Trying to load Chart Java event handler class...
Jun 13, 2015 11:07:12 PM org.eclipse.birt.chart.script.AbstractScriptHandler register
INFO: A Chart Java event handler class [class org.eclipse.mat.impl.chart.LabelRenderScript] has been loaded successfully.
Jun 13, 2015 11:07:12 PM org.eclipse.birt.chart.device.swing.SwingRendererImpl prepareGraphicsContext
INFO: Using graphics context sun.java2d.SunGraphics2D[font=java.awt.Font[family=Dialog,name=Dialog,style=plain,size=12],color=java.awt.Color[r=255,g=255,b=255]]
Jun 13, 2015 11:07:12 PM org.eclipse.birt.chart.render.EmptyWithoutAxes renderSeries
INFO: org.eclipse.birt.chart.render.EmptyWithoutAxes: renderSeries() [1/2]
Jun 13, 2015 11:07:12 PM org.eclipse.birt.chart.extension.render.Pie renderSeries
INFO: {0}: renderSeries() [{1}/{2}]org.eclipse.birt.chart.extension.render.Pie22
Jun 13, 2015 11:07:12 PM org.eclipse.birt.chart.device.image.JavaxImageIOWriter after
INFO: Using {0} image writer {1}pngcom.sun.imageio.plugins.png.PNGImageWriter
Jun 13, 2015 11:12:36 PM org.eclipse.birt.chart.device.swt.SwtDisplayServer <init>
INFO: SWT Display Server: cocoa v4,430
Jun 13, 2015 11:12:36 PM org.eclipse.birt.chart.device.swt.SwtRendererImpl setProperty
INFO: Using graphics context org.eclipse.swt.graphics.GC@GC {org.eclipse.swt.internal.cocoa.NSGraphicsContext{5050743136}}
Jun 13, 2015 11:12:36 PM org.eclipse.birt.chart.script.AbstractScriptHandler register
INFO: Trying to load Chart Java event handler class...
Jun 13, 2015 11:12:36 PM org.eclipse.birt.chart.script.AbstractScriptHandler register
INFO: A Chart Java event handler class [class org.eclipse.mat.impl.chart.StorageUnitRenderScript] has been loaded successfully.
Jun 13, 2015 11:12:36 PM org.eclipse.birt.chart.render.EmptyWithoutAxes renderSeries
INFO: org.eclipse.birt.chart.render.EmptyWithoutAxes: renderSeries() [1/2]
Jun 13, 2015 11:12:36 PM org.eclipse.birt.chart.extension.render.Pie renderSeries
INFO: {0}: renderSeries() [{1}/{2}]org.eclipse.birt.chart.extension.render.Pie22
Jun 13, 2015 11:12:41 PM org.eclipse.birt.chart.device.swing.SwingDisplayServer <init>
INFO: SWING Display Server: Oracle Corporation v1.8.0_45
Jun 13, 2015 11:12:41 PM org.eclipse.birt.chart.script.AbstractScriptHandler register
INFO: Trying to load Chart Java event handler class...
Jun 13, 2015 11:12:41 PM org.eclipse.birt.chart.script.AbstractScriptHandler register
INFO: A Chart Java event handler class [class org.eclipse.mat.impl.chart.LabelRenderScript] has been loaded successfully.
Jun 13, 2015 11:12:41 PM org.eclipse.birt.chart.device.swing.SwingRendererImpl prepareGraphicsContext
INFO: Using graphics context sun.java2d.SunGraphics2D[font=java.awt.Font[family=Dialog,name=Dialog,style=plain,size=12],color=java.awt.Color[r=255,g=255,b=255]]
Jun 13, 2015 11:12:41 PM org.eclipse.birt.chart.render.EmptyWithoutAxes renderSeries
INFO: org.eclipse.birt.chart.render.EmptyWithoutAxes: renderSeries() [1/2]
Jun 13, 2015 11:12:41 PM org.eclipse.birt.chart.extension.render.Pie renderSeries
INFO: {0}: renderSeries() [{1}/{2}]org.eclipse.birt.chart.extension.render.Pie22
Jun 13, 2015 11:12:41 PM org.eclipse.birt.chart.device.image.JavaxImageIOWriter after
INFO: Using {0} image writer {1}pngcom.sun.imageio.plugins.png.PNGImageWriter
Jun 13, 2015 11:12:41 PM org.eclipse.birt.chart.device.swing.SwingDisplayServer <init>
INFO: SWING Display Server: Oracle Corporation v1.8.0_45
Jun 13, 2015 11:12:41 PM org.eclipse.birt.chart.script.AbstractScriptHandler register
INFO: Trying to load Chart Java event handler class...
Jun 13, 2015 11:12:41 PM org.eclipse.birt.chart.script.AbstractScriptHandler register
INFO: A Chart Java event handler class [class org.eclipse.mat.impl.chart.LabelRenderScript] has been loaded successfully.
Jun 13, 2015 11:12:41 PM org.eclipse.birt.chart.device.swing.SwingRendererImpl prepareGraphicsContext
INFO: Using graphics context sun.java2d.SunGraphics2D[font=java.awt.Font[family=Dialog,name=Dialog,style=plain,size=12],color=java.awt.Color[r=255,g=255,b=255]]
Jun 13, 2015 11:12:41 PM org.eclipse.birt.chart.render.EmptyWithoutAxes renderSeries
INFO: org.eclipse.birt.chart.render.EmptyWithoutAxes: renderSeries() [1/2]
Jun 13, 2015 11:12:41 PM org.eclipse.birt.chart.extension.render.Pie renderSeries
INFO: {0}: renderSeries() [{1}/{2}]org.eclipse.birt.chart.extension.render.Pie22
Jun 13, 2015 11:12:41 PM org.eclipse.birt.chart.device.image.JavaxImageIOWriter after
INFO: Using {0} image writer {1}pngcom.sun.imageio.plugins.png.PNGImageWriter
Jun 13, 2015 11:12:41 PM org.eclipse.birt.chart.device.swing.SwingDisplayServer <init>
INFO: SWING Display Server: Oracle Corporation v1.8.0_45
Jun 13, 2015 11:12:41 PM org.eclipse.birt.chart.script.AbstractScriptHandler register
INFO: Trying to load Chart Java event handler class...
Jun 13, 2015 11:12:41 PM org.eclipse.birt.chart.script.AbstractScriptHandler register
INFO: A Chart Java event handler class [class org.eclipse.mat.impl.chart.LabelRenderScript] has been loaded successfully.
Jun 13, 2015 11:12:41 PM org.eclipse.birt.chart.device.swing.SwingRendererImpl prepareGraphicsContext
INFO: Using graphics context sun.java2d.SunGraphics2D[font=java.awt.Font[family=Dialog,name=Dialog,style=plain,size=12],color=java.awt.Color[r=255,g=255,b=255]]
Jun 13, 2015 11:12:41 PM org.eclipse.birt.chart.render.EmptyWithoutAxes renderSeries
INFO: org.eclipse.birt.chart.render.EmptyWithoutAxes: renderSeries() [1/2]
Jun 13, 2015 11:12:41 PM org.eclipse.birt.chart.extension.render.Pie renderSeries
INFO: {0}: renderSeries() [{1}/{2}]org.eclipse.birt.chart.extension.render.Pie22
Jun 13, 2015 11:12:41 PM org.eclipse.birt.chart.device.image.JavaxImageIOWriter after
INFO: Using {0} image writer {1}pngcom.sun.imageio.plugins.png.PNGImageWriter
Jun 13, 2015 11:12:43 PM org.eclipse.birt.chart.device.swing.SwingDisplayServer <init>
INFO: SWING Display Server: Oracle Corporation v1.8.0_45
Jun 13, 2015 11:12:43 PM org.eclipse.birt.chart.script.AbstractScriptHandler register
INFO: Trying to load Chart Java event handler class...
Jun 13, 2015 11:12:43 PM org.eclipse.birt.chart.script.AbstractScriptHandler register
INFO: A Chart Java event handler class [class org.eclipse.mat.impl.chart.LabelRenderScript] has been loaded successfully.
Jun 13, 2015 11:12:43 PM org.eclipse.birt.chart.device.swing.SwingRendererImpl prepareGraphicsContext
INFO: Using graphics context sun.java2d.SunGraphics2D[font=java.awt.Font[family=Dialog,name=Dialog,style=plain,size=12],color=java.awt.Color[r=255,g=255,b=255]]
Jun 13, 2015 11:12:43 PM org.eclipse.birt.chart.render.EmptyWithoutAxes renderSeries
INFO: org.eclipse.birt.chart.render.EmptyWithoutAxes: renderSeries() [1/2]
Jun 13, 2015 11:12:43 PM org.eclipse.birt.chart.extension.render.Pie renderSeries
INFO: {0}: renderSeries() [{1}/{2}]org.eclipse.birt.chart.extension.render.Pie22
Jun 13, 2015 11:12:43 PM org.eclipse.birt.chart.device.image.JavaxImageIOWriter after
INFO: Using {0} image writer {1}pngcom.sun.imageio.plugins.png.PNGImageWriter
