#
# A fatal error has been detected by the Java Runtime Environment:
#
#  EXCEPTION_ACCESS_VIOLATION (0xc0000005) at pc=0x0000000053e34bbf, pid=8336, tid=8616
#
# JRE version: Java(TM) SE Runtime Environment (8.0_51-b16) (build 1.8.0_51-b16)
# Java VM: Java HotSpot(TM) 64-Bit Server VM (25.51-b03 mixed mode windows-amd64 compressed oops)
# Problematic frame:
# V  [jvm.dll+0xf4bbf]
#
# Failed to write core dump. Minidumps are not enabled by default on client versions of Windows
#
# If you would like to submit a bug report, please visit:
#   http://bugreport.java.com/bugreport/crash.jsp
#

---------------  T H R E A D  ---------------

Current thread (0x000000001c03b800):  VMThread [stack: 0x000000001cea0000,0x000000001cfa0000] [id=8616]

siginfo: ExceptionCode=0xc0000005, reading address 0x000000001bc63788

Registers:
RAX=0x0000000000194640, RBX=0x0000000000000001, RCX=0x000000001bacf138, RDX=0x000000000000ca32
RSP=0x000000001cf9e948, RBP=0x000000001cf9eec0, RSI=0x000000001cf9f050, RDI=0x000000001cf9f050
R8 =0x0000000000000000, R9 =0x000000001bace238, R10=0x0000000000000007, R11=0x000000001bacdd65
R12=0x000000001bf25640, R13=0x000000001cf9ee80, R14=0x00000000000003d8, R15=0x000000001cf9ee70
RIP=0x0000000053e34bbf, EFLAGS=0x0000000000010202

Top of Stack: (sp=0x000000001cf9e948)
0x000000001cf9e948:   0000000053e3c6f0 000000076b138ce8
0x000000001cf9e958:   0000000000000000 000000076b138c00
0x000000001cf9e968:   000000076b138b80 000000076b138b08
0x000000001cf9e978:   000000076b1388e0 0000000054337058
0x000000001cf9e988:   00000000020a3c40 0000000000000002
0x000000001cf9e998:   000000070000000c 000000001cf9e9c0
0x000000001cf9e9a8:   0000000700000001 000000004600007a
0x000000001cf9e9b8:   0000000700000000 2fffffff4fffffff
0x000000001cf9e9c8:   4fffffff4fffffff 000000076b137b00
0x000000001cf9e9d8:   000000076b137a58 000000076b131620
0x000000001cf9e9e8:   000000076b131590 000000076b131518
0x000000001cf9e9f8:   000000076b131440 000000076b131310
0x000000001cf9ea08:   000000076b131298 000000076b131198
0x000000001cf9ea18:   000000076b131118 000000076b1310a0
0x000000001cf9ea28:   000000076b130e98 000000076b130e10
0x000000001cf9ea38:   000000076b130c70 000000076b130b68 

Instructions: (pc=0x0000000053e34bbf)
0x0000000053e34b9f:   74 3e 85 d2 79 13 f7 d2 48 63 c2 48 c1 e0 05 48
0x0000000053e34baf:   8b 44 08 10 0f b7 c0 eb 12 48 63 c2 48 c1 e0 05
0x0000000053e34bbf:   48 8b 44 08 10 0f b7 d0 48 63 c2 41 0f b7 4c c1
0x0000000053e34bcf:   52 48 63 c1 41 0f b7 44 c1 52 49 8b 44 c1 50 c3 


Register to memory mapping:

RAX=0x0000000000194640 is an unknown value
RBX=0x0000000000000001 is an unknown value
RCX=0x000000001bacf138 is pointing into metadata
RDX=0x000000000000ca32 is an unknown value
RSP=0x000000001cf9e948 is an unknown value
RBP=0x000000001cf9eec0 is an unknown value
RSI=0x000000001cf9f050 is an unknown value
RDI=0x000000001cf9f050 is an unknown value
R8 =0x0000000000000000 is an unknown value
R9 =0x000000001bace238 is pointing into metadata
R10=0x0000000000000007 is an unknown value
R11=0x000000001bacdd65 is pointing into metadata
R12=0x000000001bf25640 is an unknown value
R13=0x000000001cf9ee80 is an unknown value
R14=0x00000000000003d8 is an unknown value
R15=0x000000001cf9ee70 is an unknown value


Stack: [0x000000001cea0000,0x000000001cfa0000],  sp=0x000000001cf9e948,  free space=1018k
Native frames: (J=compiled Java code, j=interpreted, Vv=VM code, C=native code)
V  [jvm.dll+0xf4bbf]

VM_Operation (0x000000001df6f950): GetOrSetLocal, mode: safepoint, requested by thread 0x000000001c0af000


---------------  P R O C E S S  ---------------

Java Threads: ( => current thread )
  0x000000001d3c3000 JavaThread "Service Thread" daemon [_thread_blocked, id=5516, stack(0x000000001e580000,0x000000001e680000)]
  0x000000001d345800 JavaThread "C1 CompilerThread2" daemon [_thread_blocked, id=7852, stack(0x000000001e3f0000,0x000000001e4f0000)]
  0x000000001d344000 JavaThread "C2 CompilerThread1" daemon [_thread_blocked, id=6112, stack(0x000000001e250000,0x000000001e350000)]
  0x000000001d332800 JavaThread "C2 CompilerThread0" daemon [_thread_blocked, id=9064, stack(0x000000001e100000,0x000000001e200000)]
  0x000000001d322000 JavaThread "JDWP Command Reader" daemon [_thread_in_native, id=6980, stack(0x000000001dca0000,0x000000001dda0000)]
  0x000000001d31f000 JavaThread "JDWP Event Helper Thread" daemon [_thread_blocked, id=6848, stack(0x000000001da20000,0x000000001db20000)]
  0x000000001c0af000 JavaThread "JDWP Transport Listener: dt_socket" daemon [_thread_blocked, id=7996, stack(0x000000001de70000,0x000000001df70000)]
  0x000000001d315800 JavaThread "Attach Listener" daemon [_thread_blocked, id=8280, stack(0x000000001d900000,0x000000001da00000)]
  0x000000001d313000 JavaThread "Signal Dispatcher" daemon [_thread_blocked, id=8920, stack(0x000000001d740000,0x000000001d840000)]
  0x000000001c04b800 JavaThread "Finalizer" daemon [_thread_blocked, id=7828, stack(0x000000001d210000,0x000000001d310000)]
  0x000000001c044800 JavaThread "Reference Handler" daemon [_thread_blocked, id=8880, stack(0x000000001d0e0000,0x000000001d1e0000)]
  0x000000000218f000 JavaThread "main" [_thread_blocked, id=5356, stack(0x0000000002300000,0x0000000002400000)]

Other Threads:
=>0x000000001c03b800 VMThread [stack: 0x000000001cea0000,0x000000001cfa0000] [id=8616]
  0x000000001d3c6000 WatcherThread [stack: 0x000000001dfa0000,0x000000001e0a0000] [id=8568]

VM state:at safepoint (normal execution)

VM Mutex/Monitor currently owned by a thread:  ([mutex/lock_event])
[0x0000000002058a00] Threads_lock - owner thread: 0x000000001c03b800

Heap:
 PSYoungGen      total 76288K, used 5243K [0x000000076b100000, 0x0000000770600000, 0x00000007c0000000)
  eden space 65536K, 8% used [0x000000076b100000,0x000000076b61ec70,0x000000076f100000)
  from space 10752K, 0% used [0x000000076fb80000,0x000000076fb80000,0x0000000770600000)
  to   space 10752K, 0% used [0x000000076f100000,0x000000076f100000,0x000000076fb80000)
 ParOldGen       total 175104K, used 0K [0x00000006c1200000, 0x00000006cbd00000, 0x000000076b100000)
  object space 175104K, 0% used [0x00000006c1200000,0x00000006c1200000,0x00000006cbd00000)
 Metaspace       used 3298K, capacity 4664K, committed 4864K, reserved 1056768K
  class space    used 368K, capacity 424K, committed 512K, reserved 1048576K

Card table byte_map: [0x0000000011a90000,0x0000000012290000] byte_map_base: 0x000000000e487000

Marking Bits: (ParMarkBitMap*) 0x0000000054544040
 Begin Bits: [0x0000000012f40000, 0x0000000016ef8000)
 End Bits:   [0x0000000016ef8000, 0x000000001aeb0000)

Polling page: 0x0000000000130000

CodeCache: size=245760Kb used=1235Kb max_used=1237Kb free=244524Kb
 bounds [0x00000000026d0000, 0x0000000002940000, 0x00000000116d0000]
 total_blobs=332 nmethods=91 adapters=162
 compilation: enabled

Compilation events (10 events):
Event: 0.221 Thread 0x000000001d345800   87       1       java.lang.ref.Reference::get (5 bytes)
Event: 0.221 Thread 0x000000001d345800 nmethod 87 0x00000000028044d0 code [0x0000000002804620, 0x0000000002804730]
Event: 0.221 Thread 0x000000001d345800   88       3       java.lang.String::<init> (10 bytes)
Event: 0.222 Thread 0x000000001d345800 nmethod 88 0x0000000002804110 code [0x0000000002804260, 0x0000000002804430]
Event: 0.222 Thread 0x000000001d345800   89  s    3       sun.misc.URLClassPath::getNextLoader (88 bytes)
Event: 0.222 Thread 0x000000001d345800 nmethod 89 0x0000000002805ad0 code [0x0000000002805cc0, 0x0000000002806568]
Event: 0.222 Thread 0x000000001d345800   90       3       java.lang.String::indexOf (25 bytes)
Event: 0.222 Thread 0x000000001d345800 nmethod 90 0x0000000002805690 code [0x0000000002805800, 0x00000000028059c8]
Event: 0.228 Thread 0x000000001d345800   91       1       java.nio.Buffer::position (5 bytes)
Event: 0.228 Thread 0x000000001d345800 nmethod 91 0x00000000028053d0 code [0x0000000002805520, 0x0000000002805630]

GC Heap History (0 events):
No events

Deoptimization events (0 events):
No events

Internal exceptions (10 events):
Event: 0.217 Thread 0x000000000218f000 Exception <a 'java/security/PrivilegedActionException'> (0x000000076b227288) thrown at [C:\re\workspace\8-2-build-windows-amd64-cygwin\jdk8u51\3951\hotspot\src\share\vm\prims\jvm.cpp, line 1382]
Event: 0.217 Thread 0x000000000218f000 Exception <a 'java/security/PrivilegedActionException'> (0x000000076b2275d0) thrown at [C:\re\workspace\8-2-build-windows-amd64-cygwin\jdk8u51\3951\hotspot\src\share\vm\prims\jvm.cpp, line 1382]
Event: 0.217 Thread 0x000000000218f000 Exception <a 'java/security/PrivilegedActionException'> (0x000000076b228d58) thrown at [C:\re\workspace\8-2-build-windows-amd64-cygwin\jdk8u51\3951\hotspot\src\share\vm\prims\jvm.cpp, line 1382]
Event: 0.217 Thread 0x000000000218f000 Exception <a 'java/security/PrivilegedActionException'> (0x000000076b2290a0) thrown at [C:\re\workspace\8-2-build-windows-amd64-cygwin\jdk8u51\3951\hotspot\src\share\vm\prims\jvm.cpp, line 1382]
Event: 0.217 Thread 0x000000000218f000 Exception <a 'java/security/PrivilegedActionException'> (0x000000076b22a900) thrown at [C:\re\workspace\8-2-build-windows-amd64-cygwin\jdk8u51\3951\hotspot\src\share\vm\prims\jvm.cpp, line 1382]
Event: 0.217 Thread 0x000000000218f000 Exception <a 'java/security/PrivilegedActionException'> (0x000000076b22ac48) thrown at [C:\re\workspace\8-2-build-windows-amd64-cygwin\jdk8u51\3951\hotspot\src\share\vm\prims\jvm.cpp, line 1382]
Event: 0.217 Thread 0x000000000218f000 Exception <a 'java/security/PrivilegedActionException'> (0x000000076b22c4a0) thrown at [C:\re\workspace\8-2-build-windows-amd64-cygwin\jdk8u51\3951\hotspot\src\share\vm\prims\jvm.cpp, line 1382]
Event: 0.217 Thread 0x000000000218f000 Exception <a 'java/security/PrivilegedActionException'> (0x000000076b22c7e8) thrown at [C:\re\workspace\8-2-build-windows-amd64-cygwin\jdk8u51\3951\hotspot\src\share\vm\prims\jvm.cpp, line 1382]
Event: 0.217 Thread 0x000000000218f000 Exception <a 'java/security/PrivilegedActionException'> (0x000000076b22df50) thrown at [C:\re\workspace\8-2-build-windows-amd64-cygwin\jdk8u51\3951\hotspot\src\share\vm\prims\jvm.cpp, line 1382]
Event: 0.217 Thread 0x000000000218f000 Exception <a 'java/security/PrivilegedActionException'> (0x000000076b22e298) thrown at [C:\re\workspace\8-2-build-windows-amd64-cygwin\jdk8u51\3951\hotspot\src\share\vm\prims\jvm.cpp, line 1382]

Events (10 events):
Event: 598.296 Executing VM operation: ChangeBreakpoints done
Event: 598.302 Executing VM operation: EnterInterpOnlyMode
Event: 598.302 Executing VM operation: EnterInterpOnlyMode done
Event: 598.302 Executing VM operation: GetCurrentLocation
Event: 598.302 Executing VM operation: GetCurrentLocation done
Event: 598.302 Executing VM operation: ChangeSingleStep
Event: 598.302 Executing VM operation: ChangeSingleStep done
Event: 598.303 Executing VM operation: ChangeSingleStep
Event: 598.303 Executing VM operation: ChangeSingleStep done
Event: 598.351 Executing VM operation: GetOrSetLocal


Dynamic libraries:
0x000000013f5f0000 - 0x000000013f627000 	C:\Program Files\Java\jre1.8.0_51\bin\javaw.exe
0x0000000077770000 - 0x0000000077919000 	C:\windows\SYSTEM32\ntdll.dll
0x0000000077650000 - 0x000000007776f000 	C:\windows\system32\kernel32.dll
0x000007fefd810000 - 0x000007fefd87c000 	C:\windows\system32\KERNELBASE.dll
0x0000000075220000 - 0x00000000752a8000 	C:\windows\System32\SYSFER.DLL
0x000007fefe560000 - 0x000007fefe63b000 	C:\windows\system32\ADVAPI32.dll
0x000007fefe3f0000 - 0x000007fefe48f000 	C:\windows\system32\msvcrt.dll
0x000007fefe540000 - 0x000007fefe55f000 	C:\windows\SYSTEM32\sechost.dll
0x000007fefd9f0000 - 0x000007fefdb1d000 	C:\windows\system32\RPCRT4.dll
0x0000000077550000 - 0x000000007764a000 	C:\windows\system32\USER32.dll
0x000007fefdde0000 - 0x000007fefde47000 	C:\windows\system32\GDI32.dll
0x000007fefd8e0000 - 0x000007fefd8ee000 	C:\windows\system32\LPK.dll
0x000007feff750000 - 0x000007feff819000 	C:\windows\system32\USP10.dll
0x000007fefbdd0000 - 0x000007fefbfc4000 	C:\windows\WinSxS\amd64_microsoft.windows.common-controls_6595b64144ccf1df_6.0.7601.18837_none_fa3b1e3d17594757\COMCTL32.dll
0x000007feff820000 - 0x000007feff891000 	C:\windows\system32\SHLWAPI.dll
0x000007feff720000 - 0x000007feff74e000 	C:\windows\system32\IMM32.DLL
0x000007fefe150000 - 0x000007fefe259000 	C:\windows\system32\MSCTF.dll
0x0000000078d20000 - 0x0000000078df2000 	C:\Program Files\Java\jre1.8.0_51\bin\msvcr100.dll
0x0000000053d40000 - 0x00000000545c3000 	C:\Program Files\Java\jre1.8.0_51\bin\server\jvm.dll
0x000007fef90a0000 - 0x000007fef90a9000 	C:\windows\system32\WSOCK32.dll
0x000007fefe100000 - 0x000007fefe14d000 	C:\windows\system32\WS2_32.dll
0x000007fefe530000 - 0x000007fefe538000 	C:\windows\system32\NSI.dll
0x000007fefa860000 - 0x000007fefa89b000 	C:\windows\system32\WINMM.dll
0x000007fefc760000 - 0x000007fefc76c000 	C:\windows\system32\VERSION.dll
0x0000000077930000 - 0x0000000077937000 	C:\windows\system32\PSAPI.DLL
0x0000000071f70000 - 0x0000000071f7f000 	C:\Program Files\Java\jre1.8.0_51\bin\verify.dll
0x0000000071f40000 - 0x0000000071f69000 	C:\Program Files\Java\jre1.8.0_51\bin\java.dll
0x000000006d2e0000 - 0x000000006d315000 	C:\Program Files\Java\jre1.8.0_51\bin\jdwp.dll
0x0000000061b90000 - 0x0000000061b98000 	C:\Program Files\Java\jre1.8.0_51\bin\npt.dll
0x0000000071f20000 - 0x0000000071f36000 	C:\Program Files\Java\jre1.8.0_51\bin\zip.dll
0x000007fefe990000 - 0x000007feff719000 	C:\windows\system32\SHELL32.dll
0x000007fefde50000 - 0x000007fefe053000 	C:\windows\system32\ole32.dll
0x000007fefd530000 - 0x000007fefd53f000 	C:\windows\system32\profapi.dll
0x0000000061ba0000 - 0x0000000061ba9000 	C:\Program Files\Java\jre1.8.0_51\bin\dt_socket.dll
0x000007fefa8a0000 - 0x000007fefa8b5000 	C:\windows\system32\NLAapi.dll
0x000007fef84b0000 - 0x000007fef84c5000 	C:\windows\system32\napinsp.dll
0x000007fef8470000 - 0x000007fef8489000 	C:\windows\system32\pnrpnsp.dll
0x000007fefccc0000 - 0x000007fefcd15000 	C:\windows\System32\mswsock.dll
0x000007fefcb40000 - 0x000007fefcb9b000 	C:\windows\system32\DNSAPI.dll
0x000007fef8e30000 - 0x000007fef8e3b000 	C:\windows\System32\winrnr.dll
0x000007fef9d00000 - 0x000007fef9d27000 	C:\windows\system32\IPHLPAPI.DLL
0x000007fef9cf0000 - 0x000007fef9cfb000 	C:\windows\system32\WINNSI.DLL
0x000007fef9bb0000 - 0x000007fef9c03000 	C:\windows\System32\fwpuclnt.dll
0x000007fef9670000 - 0x000007fef9678000 	C:\windows\system32\rasadhlp.dll
0x000007fefc380000 - 0x000007fefc387000 	C:\windows\System32\wshtcpip.dll
0x000007fefaea0000 - 0x000007fefafc5000 	C:\windows\system32\dbghelp.dll

VM Arguments:
jvm_args: -agentlib:jdwp=transport=dt_socket,suspend=y,address=localhost:49350 -Dfile.encoding=Cp1252 
java_command: climatology.nsidc.org.Climatology
java_class_path (initial): C:\Users\glgr9602\Desktop\Condensate\GitHub\condense_engine\luna_workspace\Climatology\bin;C:\Users\glgr9602\Desktop\Condensate\GitHub\condense_engine\luna_workspace\condense_engine\bin;C:\Users\glgr9602\Desktop\Condensate\GitHub\condense_engine\luna_workspace\condense_engine\lib\hamcrest-core-1.3.jar;C:\Users\glgr9602\Desktop\Condensate\GitHub\condense_engine\luna_workspace\condense_engine\lib\jcommon-1.0.23.jar;C:\Users\glgr9602\Desktop\Condensate\GitHub\condense_engine\luna_workspace\condense_engine\lib\jfreechart-1.0.19-experimental.jar;C:\Users\glgr9602\Desktop\Condensate\GitHub\condense_engine\luna_workspace\condense_engine\lib\jfreechart-1.0.19-swt.jar;C:\Users\glgr9602\Desktop\Condensate\GitHub\condense_engine\luna_workspace\condense_engine\lib\jfreechart-1.0.19.jar;C:\Users\glgr9602\Desktop\Condensate\GitHub\condense_engine\luna_workspace\condense_engine\lib\jfreesvg-2.0.jar;C:\Users\glgr9602\Desktop\Condensate\GitHub\condense_engine\luna_workspace\condense_engine\lib\junit-4.11.jar;C:\Users\glgr9602\Desktop\Condensate\GitHub\condense_engine\luna_workspace\condense_engine\lib\netcdfAll-4.5.jar;C:\Users\glgr9602\Desktop\Condensate\GitHub\condense_engine\luna_workspace\condense_engine\lib\orsoncharts-1.4-eval-nofx.jar;C:\Users\glgr9602\Desktop\Condensate\GitHub\condense_engine\luna_workspace\condense_engine\lib\orsonpdf-1.6-eval.jar;C:\Users\glgr9602\Desktop\Condensate\GitHub\condense_engine\luna_workspace\condense_engine\lib\servlet.jar;C:\Users\glgr9602\Desktop\Condensate\GitHub\condense_engine\luna_workspace\condense_engine\lib\swtgraphics2d.jar;C:\Users\glgr9602\Desktop\Condensate\GitHub\condense_engine\luna_workspace\condense_engine\lib\h2-1.4.187.jar
Launcher Type: SUN_STANDARD

Environment Variables:
PATH=C:/Program Files/Java/jre1.8.0_51/bin/server;C:/Program Files/Java/jre1.8.0_51/bin;C:/Program Files/Java/jre1.8.0_51/lib/amd64;C:\ProgramData\Oracle\Java\javapath;c:\Program Files (x86)\Intel\iCLS Client\;c:\Program Files\Intel\iCLS Client\;C:\windows\system32;C:\windows;C:\windows\System32\Wbem;C:\windows\System32\WindowsPowerShell\v1.0\;c:\Program Files (x86)\Hewlett-Packard\HP Performance Advisor;C:\Program Files\Intel\Intel(R) Management Engine Components\DAL;C:\Program Files\Intel\Intel(R) Management Engine Components\IPT;C:\Program Files (x86)\Intel\Intel(R) Management Engine Components\DAL;C:\Program Files (x86)\Intel\Intel(R) Management Engine Components\IPT;C:\Program Files\HDF_Group\HDFView\2.10.1\bin;C:\Program Files\Hibernate\lib;C:\Program Files\eclipse;
USERNAME=glgr9602
OS=Windows_NT
PROCESSOR_IDENTIFIER=Intel64 Family 6 Model 45 Stepping 7, GenuineIntel



---------------  S Y S T E M  ---------------

OS: Windows 7 , 64 bit Build 7601 (6.1.7601.18933)

CPU:total 4 (4 cores per cpu, 1 threads per core) family 6 model 45 stepping 7, cmov, cx8, fxsr, mmx, sse, sse2, sse3, ssse3, sse4.1, sse4.2, popcnt, avx, aes, clmul, tsc, tscinvbit, tscinv

Memory: 4k page, physical 16699244k(9955060k free), swap 33396648k(24537672k free)

vm_info: Java HotSpot(TM) 64-Bit Server VM (25.51-b03) for windows-amd64 JRE (1.8.0_51-b16), built on Jun  8 2015 18:03:07 by "java_re" with MS VC++ 10.0 (VS2010)

time: Tue Aug 25 16:39:57 2015
elapsed time: 598 seconds (0d 0h 9m 58s)

